<?xml version="1.0" encoding="UTF-8"?>
<testng-results ignored="0" total="4" passed="3" failed="1" skipped="0">
  <reporter-output>
  </reporter-output>
  <suite started-at="2024-11-20T12:27:41 IST" name="Surefire suite" finished-at="2024-11-20T12:33:28 IST" duration-ms="346851">
    <groups>
    </groups>
    <test started-at="2024-11-20T12:27:41 IST" name="Surefire test" finished-at="2024-11-20T12:33:28 IST" duration-ms="346851">
      <class name="books.TC_DWS_005_Test">
        <test-method is-config="true" signature="reportConfig()[pri:0, instance:books.TC_DWS_005_Test@3eb7fc54]" started-at="2024-11-20T12:27:41 IST" name="reportConfig" finished-at="2024-11-20T12:27:41 IST" duration-ms="470" status="PASS">
          <reporter-output>
          </reporter-output>
        </test-method> <!-- reportConfig -->
        <test-method is-config="true" signature="launchBrowser(java.lang.String)[pri:0, instance:books.TC_DWS_005_Test@3eb7fc54]" started-at="2024-11-20T12:27:42 IST" name="launchBrowser" finished-at="2024-11-20T12:32:40 IST" duration-ms="298147" status="PASS">
          <params>
            <param index="0">
              <value>
                <![CDATA[chrome]]>
              </value>
            </param>
          </params>
          <reporter-output>
          </reporter-output>
        </test-method> <!-- launchBrowser -->
        <test-method is-config="true" signature="login()[pri:0, instance:books.TC_DWS_005_Test@3eb7fc54]" started-at="2024-11-20T12:32:40 IST" name="login" finished-at="2024-11-20T12:32:45 IST" duration-ms="5382" status="PASS">
          <reporter-output>
          </reporter-output>
        </test-method> <!-- login -->
        <test-method signature="clickOnBooks()[pri:0, instance:books.TC_DWS_005_Test@3eb7fc54]" started-at="2024-11-20T12:32:45 IST" name="clickOnBooks" finished-at="2024-11-20T12:32:49 IST" duration-ms="3845" status="FAIL">
          <exception class="java.lang.AssertionError">
            <message>
              <![CDATA[Books page is not displayed did not expect [Demo Web Shop. Books] but found [Demo Web Shop. Books]]]>
            </message>
            <full-stacktrace>
              <![CDATA[java.lang.AssertionError: Books page is not displayed did not expect [Demo Web Shop. Books] but found [Demo Web Shop. Books]
at org.testng.Assert.fail(Assert.java:111)
at org.testng.Assert.failEquals(Assert.java:1582)
at org.testng.Assert.assertNotEqualsImpl(Assert.java:157)
at org.testng.Assert.assertNotEquals(Assert.java:2198)
at books.TC_DWS_005_Test.clickOnBooks(TC_DWS_005_Test.java:24)
at java.base/jdk.internal.reflect.DirectMethodHandleAccessor.invoke(DirectMethodHandleAccessor.java:103)
at java.base/java.lang.reflect.Method.invoke(Method.java:580)
at org.testng.internal.invokers.MethodInvocationHelper.invokeMethod(MethodInvocationHelper.java:139)
at org.testng.internal.invokers.TestInvoker.invokeMethod(TestInvoker.java:664)
at org.testng.internal.invokers.TestInvoker.invokeTestMethod(TestInvoker.java:227)
at org.testng.internal.invokers.MethodRunner.runInSequence(MethodRunner.java:50)
at org.testng.internal.invokers.TestInvoker$MethodInvocationAgent.invoke(TestInvoker.java:957)
at org.testng.internal.invokers.TestInvoker.invokeTestMethods(TestInvoker.java:200)
at org.testng.internal.invokers.TestMethodWorker.invokeTestMethods(TestMethodWorker.java:148)
at org.testng.internal.invokers.TestMethodWorker.run(TestMethodWorker.java:128)
at java.base/java.util.ArrayList.forEach(ArrayList.java:1596)
at org.testng.TestRunner.privateRun(TestRunner.java:848)
at org.testng.TestRunner.run(TestRunner.java:621)
at org.testng.SuiteRunner.runTest(SuiteRunner.java:443)
at org.testng.SuiteRunner.runSequentially(SuiteRunner.java:437)
at org.testng.SuiteRunner.privateRun(SuiteRunner.java:397)
at org.testng.SuiteRunner.run(SuiteRunner.java:336)
at org.testng.SuiteRunnerWorker.runSuite(SuiteRunnerWorker.java:52)
at org.testng.SuiteRunnerWorker.run(SuiteRunnerWorker.java:95)
at org.testng.TestNG.runSuitesSequentially(TestNG.java:1280)
at org.testng.TestNG.runSuitesLocally(TestNG.java:1200)
at org.testng.TestNG.runSuites(TestNG.java:1114)
at org.testng.TestNG.run(TestNG.java:1082)
at org.apache.maven.surefire.testng.TestNGExecutor.run(TestNGExecutor.java:155)
at org.apache.maven.surefire.testng.TestNGDirectoryTestSuite.executeMulti(TestNGDirectoryTestSuite.java:169)
at org.apache.maven.surefire.testng.TestNGDirectoryTestSuite.execute(TestNGDirectoryTestSuite.java:88)
at org.apache.maven.surefire.testng.TestNGProvider.invoke(TestNGProvider.java:137)
at org.apache.maven.surefire.booter.ForkedBooter.runSuitesInProcess(ForkedBooter.java:385)
at org.apache.maven.surefire.booter.ForkedBooter.execute(ForkedBooter.java:162)
at org.apache.maven.surefire.booter.ForkedBooter.run(ForkedBooter.java:507)
at org.apache.maven.surefire.booter.ForkedBooter.main(ForkedBooter.java:495)
]]>
            </full-stacktrace>
          </exception> <!-- java.lang.AssertionError -->
          <reporter-output>
          </reporter-output>
        </test-method> <!-- clickOnBooks -->
        <test-method is-config="true" signature="logout()[pri:0, instance:books.TC_DWS_005_Test@3eb7fc54]" started-at="2024-11-20T12:32:49 IST" name="logout" finished-at="2024-11-20T12:32:51 IST" duration-ms="1902" status="PASS">
          <reporter-output>
          </reporter-output>
        </test-method> <!-- logout -->
        <test-method is-config="true" signature="closeBrowser()[pri:0, instance:books.TC_DWS_005_Test@3eb7fc54]" started-at="2024-11-20T12:32:51 IST" name="closeBrowser" finished-at="2024-11-20T12:32:52 IST" duration-ms="675" status="PASS">
          <reporter-output>
          </reporter-output>
        </test-method> <!-- closeBrowser -->
        <test-method is-config="true" signature="reportBackUp()[pri:0, instance:books.TC_DWS_005_Test@3eb7fc54]" started-at="2024-11-20T12:33:28 IST" name="reportBackUp" finished-at="2024-11-20T12:33:29 IST" duration-ms="779" status="PASS">
          <reporter-output>
          </reporter-output>
        </test-method> <!-- reportBackUp -->
      </class> <!-- books.TC_DWS_005_Test -->
      <class name="giftcards.TC_DWS_008_Test">
        <test-method is-config="true" signature="launchBrowser(java.lang.String)[pri:0, instance:giftcards.TC_DWS_008_Test@ef9296d]" started-at="2024-11-20T12:33:17 IST" name="launchBrowser" finished-at="2024-11-20T12:33:22 IST" duration-ms="5625" status="PASS">
          <params>
            <param index="0">
              <value>
                <![CDATA[chrome]]>
              </value>
            </param>
          </params>
          <reporter-output>
          </reporter-output>
        </test-method> <!-- launchBrowser -->
        <test-method is-config="true" signature="login()[pri:0, instance:giftcards.TC_DWS_008_Test@ef9296d]" started-at="2024-11-20T12:33:22 IST" name="login" finished-at="2024-11-20T12:33:25 IST" duration-ms="2367" status="PASS">
          <reporter-output>
          </reporter-output>
        </test-method> <!-- login -->
        <test-method signature="clickOnGiftcards()[pri:0, instance:giftcards.TC_DWS_008_Test@ef9296d]" started-at="2024-11-20T12:33:25 IST" name="clickOnGiftcards" finished-at="2024-11-20T12:33:26 IST" duration-ms="1562" status="PASS">
          <reporter-output>
          </reporter-output>
        </test-method> <!-- clickOnGiftcards -->
        <test-method is-config="true" signature="logout()[pri:0, instance:giftcards.TC_DWS_008_Test@ef9296d]" started-at="2024-11-20T12:33:26 IST" name="logout" finished-at="2024-11-20T12:33:28 IST" duration-ms="1469" status="PASS">
          <reporter-output>
          </reporter-output>
        </test-method> <!-- logout -->
        <test-method is-config="true" signature="closeBrowser()[pri:0, instance:giftcards.TC_DWS_008_Test@ef9296d]" started-at="2024-11-20T12:33:28 IST" name="closeBrowser" finished-at="2024-11-20T12:33:28 IST" duration-ms="533" status="PASS">
          <reporter-output>
          </reporter-output>
        </test-method> <!-- closeBrowser -->
      </class> <!-- giftcards.TC_DWS_008_Test -->
      <class name="computers.TC_DWS_006_Test">
        <test-method is-config="true" signature="launchBrowser(java.lang.String)[pri:0, instance:computers.TC_DWS_006_Test@2f7c2f4f]" started-at="2024-11-20T12:32:52 IST" name="launchBrowser" finished-at="2024-11-20T12:32:59 IST" duration-ms="6781" status="PASS">
          <params>
            <param index="0">
              <value>
                <![CDATA[chrome]]>
              </value>
            </param>
          </params>
          <reporter-output>
          </reporter-output>
        </test-method> <!-- launchBrowser -->
        <test-method is-config="true" signature="login()[pri:0, instance:computers.TC_DWS_006_Test@2f7c2f4f]" started-at="2024-11-20T12:32:59 IST" name="login" finished-at="2024-11-20T12:33:01 IST" duration-ms="2311" status="PASS">
          <reporter-output>
          </reporter-output>
        </test-method> <!-- login -->
        <test-method signature="clickOnComputers()[pri:0, instance:computers.TC_DWS_006_Test@2f7c2f4f]" started-at="2024-11-20T12:33:01 IST" name="clickOnComputers" finished-at="2024-11-20T12:33:02 IST" duration-ms="1061" status="PASS">
          <reporter-output>
          </reporter-output>
        </test-method> <!-- clickOnComputers -->
        <test-method is-config="true" signature="logout()[pri:0, instance:computers.TC_DWS_006_Test@2f7c2f4f]" started-at="2024-11-20T12:33:02 IST" name="logout" finished-at="2024-11-20T12:33:04 IST" duration-ms="1496" status="PASS">
          <reporter-output>
          </reporter-output>
        </test-method> <!-- logout -->
        <test-method is-config="true" signature="closeBrowser()[pri:0, instance:computers.TC_DWS_006_Test@2f7c2f4f]" started-at="2024-11-20T12:33:04 IST" name="closeBrowser" finished-at="2024-11-20T12:33:04 IST" duration-ms="563" status="PASS">
          <reporter-output>
          </reporter-output>
        </test-method> <!-- closeBrowser -->
      </class> <!-- computers.TC_DWS_006_Test -->
      <class name="electronics.TC_DWS_007_Test">
        <test-method is-config="true" signature="launchBrowser(java.lang.String)[pri:0, instance:electronics.TC_DWS_007_Test@6af93788]" started-at="2024-11-20T12:33:04 IST" name="launchBrowser" finished-at="2024-11-20T12:33:12 IST" duration-ms="7341" status="PASS">
          <params>
            <param index="0">
              <value>
                <![CDATA[chrome]]>
              </value>
            </param>
          </params>
          <reporter-output>
          </reporter-output>
        </test-method> <!-- launchBrowser -->
        <test-method is-config="true" signature="login()[pri:0, instance:electronics.TC_DWS_007_Test@6af93788]" started-at="2024-11-20T12:33:12 IST" name="login" finished-at="2024-11-20T12:33:14 IST" duration-ms="2164" status="PASS">
          <reporter-output>
          </reporter-output>
        </test-method> <!-- login -->
        <test-method signature="clickOnElectronics()[pri:0, instance:electronics.TC_DWS_007_Test@6af93788]" started-at="2024-11-20T12:33:14 IST" name="clickOnElectronics" finished-at="2024-11-20T12:33:15 IST" duration-ms="983" status="PASS">
          <reporter-output>
          </reporter-output>
        </test-method> <!-- clickOnElectronics -->
        <test-method is-config="true" signature="logout()[pri:0, instance:electronics.TC_DWS_007_Test@6af93788]" started-at="2024-11-20T12:33:15 IST" name="logout" finished-at="2024-11-20T12:33:16 IST" duration-ms="1596" status="PASS">
          <reporter-output>
          </reporter-output>
        </test-method> <!-- logout -->
        <test-method is-config="true" signature="closeBrowser()[pri:0, instance:electronics.TC_DWS_007_Test@6af93788]" started-at="2024-11-20T12:33:16 IST" name="closeBrowser" finished-at="2024-11-20T12:33:17 IST" duration-ms="506" status="PASS">
          <reporter-output>
          </reporter-output>
        </test-method> <!-- closeBrowser -->
      </class> <!-- electronics.TC_DWS_007_Test -->
    </test> <!-- Surefire test -->
  </suite> <!-- Surefire suite -->
</testng-results>
