<?xml version="1.0" encoding="UTF-8"?>
<!-- Generated by org.testng.reporters.JUnitXMLReporter -->
<testsuite ignored="6" hostname="DESKTOP-M8GBR1P" failures="1" tests="4" name="Surefire test" time="346.851" errors="0" timestamp="2024-11-20T12:33:28 IST">
  <testcase classname="books.TC_DWS_005_Test" name="clickOnBooks" time="3.845">
    <failure type="java.lang.AssertionError" message="Books page is not displayed did not expect [Demo Web Shop. Books] but found [Demo Web Shop. Books]">
      <![CDATA[java.lang.AssertionError: Books page is not displayed did not expect [Demo Web Shop. Books] but found [Demo Web Shop. Books]
at books.TC_DWS_005_Test.clickOnBooks(TC_DWS_005_Test.java:24)
at java.base/java.util.ArrayList.forEach(ArrayList.java:1596)
... Removed 34 stack frames]]>
    </failure>
  </testcase> <!-- clickOnBooks -->
  <testcase classname="computers.TC_DWS_006_Test" name="clickOnComputers" time="1.061"/>
  <testcase classname="electronics.TC_DWS_007_Test" name="clickOnElectronics" time="0.983"/>
  <testcase classname="giftcards.TC_DWS_008_Test" name="clickOnGiftcards" time="1.562"/>
  <testcase classname="genericutility.BaseClass" name="@BeforeSuite reportConfig" time="0.0">
    <ignored/>
  </testcase> <!-- @BeforeSuite reportConfig -->
  <testcase classname="genericutility.BaseClass" name="@BeforeSuite reportConfig" time="0.0">
    <ignored/>
  </testcase> <!-- @BeforeSuite reportConfig -->
  <testcase classname="genericutility.BaseClass" name="@AfterSuite reportBackUp" time="0.0">
    <ignored/>
  </testcase> <!-- @AfterSuite reportBackUp -->
  <testcase classname="genericutility.BaseClass" name="@BeforeSuite reportConfig" time="0.0">
    <ignored/>
  </testcase> <!-- @BeforeSuite reportConfig -->
  <testcase classname="genericutility.BaseClass" name="@AfterSuite reportBackUp" time="0.0">
    <ignored/>
  </testcase> <!-- @AfterSuite reportBackUp -->
  <testcase classname="genericutility.BaseClass" name="@AfterSuite reportBackUp" time="0.0">
    <ignored/>
  </testcase> <!-- @AfterSuite reportBackUp -->
</testsuite> <!-- Surefire test -->
